+ set -o errexit
+ set -o nounset
+ for util_type in '{qsub,hail}'
+ source /well/lindgren-ukbb/projects/ukbb-11867/nbaya/resources/ukb_utils/bash/qsub_utils.sh
++ _source=/well/lindgren-ukbb/projects/ukbb-11867/nbaya/resources/ukb_utils/bash/qsub_utils.sh
++ '[' -h /well/lindgren-ukbb/projects/ukbb-11867/nbaya/resources/ukb_utils/bash/qsub_utils.sh ']'
++++ dirname /well/lindgren-ukbb/projects/ukbb-11867/nbaya/resources/ukb_utils/bash/qsub_utils.sh
+++ cd -P /well/lindgren-ukbb/projects/ukbb-11867/nbaya/resources/ukb_utils/bash
+++ cd ../
+++ pwd
++ ukb_utils_dir=/gpfs3/well/lindgren-ukbb/projects/ukbb-11867/nbaya/resources/ukb_utils
+ for util_type in '{qsub,hail}'
+ source /well/lindgren-ukbb/projects/ukbb-11867/nbaya/resources/ukb_utils/bash/hail_utils.sh
++ _source=/well/lindgren-ukbb/projects/ukbb-11867/nbaya/resources/ukb_utils/bash/hail_utils.sh
++ '[' -h /well/lindgren-ukbb/projects/ukbb-11867/nbaya/resources/ukb_utils/bash/hail_utils.sh ']'
++++ dirname /well/lindgren-ukbb/projects/ukbb-11867/nbaya/resources/ukb_utils/bash/hail_utils.sh
+++ cd -P /well/lindgren-ukbb/projects/ukbb-11867/nbaya/resources/ukb_utils/bash
+++ cd ../
+++ pwd
++ ukb_utils_dir=/gpfs3/well/lindgren-ukbb/projects/ukbb-11867/nbaya/resources/ukb_utils
++ source /gpfs3/well/lindgren-ukbb/projects/ukbb-11867/nbaya/resources/ukb_utils/bash/qsub_utils.sh
+++ _source=/gpfs3/well/lindgren-ukbb/projects/ukbb-11867/nbaya/resources/ukb_utils/bash/qsub_utils.sh
+++ '[' -h /gpfs3/well/lindgren-ukbb/projects/ukbb-11867/nbaya/resources/ukb_utils/bash/qsub_utils.sh ']'
+++++ dirname /gpfs3/well/lindgren-ukbb/projects/ukbb-11867/nbaya/resources/ukb_utils/bash/qsub_utils.sh
++++ cd -P /gpfs3/well/lindgren-ukbb/projects/ukbb-11867/nbaya/resources/ukb_utils/bash
++++ cd ../
++++ pwd
+++ ukb_utils_dir=/gpfs3/well/lindgren-ukbb/projects/ukbb-11867/nbaya/resources/ukb_utils
+ readonly spark_dir=data/tmp/spark_dir
+ spark_dir=data/tmp/spark_dir
+ readonly hail_script=python/ukb_wes_450k_gwas/00_export_csqs.py
+ hail_script=python/ukb_wes_450k_gwas/00_export_csqs.py
++ get_chr 9
++ '[' 9 -eq 23 ']'
++ '[' 9 -eq 24 ']'
++ '[' 9 -ge 1 ']'
++ '[' 9 -le 22 ']'
++ echo 9
+ readonly chr=9
+ chr=9
+ readonly in_dir=data/vcf
+ in_dir=data/vcf
+ readonly in_vcf=data/vcf/ukb_wes_450k.qced.sites_only.chr9.vcf.bgz
+ in_vcf=data/vcf/ukb_wes_450k.qced.sites_only.chr9.vcf.bgz
+ readonly out_dir=data/ht
+ out_dir=data/ht
+ readonly out_prefix=data/ht/ukb_wes_450k.qced.chr9
+ out_prefix=data/ht/ukb_wes_450k.qced.chr9
+ mkdir -p data/tmp/spark_dir data/ht
+ '[' '!' -f data/ht/ukb_wes_450k.qced.chr9.ht/_SUCCESS ']'
+ set_up_hail
+ module load Anaconda3/2020.07
++ /gpfs0/mgmt/modules/Modules/3.2.10/bin/modulecmd bash load Anaconda3/2020.07
+ eval
+ module load java/1.8.0_latest
++ /gpfs0/mgmt/modules/Modules/3.2.10/bin/modulecmd bash load java/1.8.0_latest
+ eval JAVA_HOME=/apps/well/java/jdk1.8.0_latest ';export' 'JAVA_HOME;LOADEDMODULES=PLINK/2.00-alpha2-x86_64:Anaconda3/2020.07:java/1.8.0_latest' ';export' 'LOADEDMODULES;PATH=/apps/well/java/jdk1.8.0_latest/bin:/mgmt/uge/8.6.8/bin/lx-amd64:/apps/eb/skylake/software/Anaconda3/2020.07:/apps/eb/skylake/software/Anaconda3/2020.07/sbin:/apps/eb/skylake/software/Anaconda3/2020.07/bin:/apps/eb/skylake/software/PLINK/2.00-alpha2-x86_64:/apps/eb/skylake/software/Anaconda3/2020.11/bin:/apps/eb/skylake/software/Anaconda3/2020.11/condabin:/mgmt/uge/8.6.8/bin/lx-amd64:/usr/local/bin:/usr/bin:/usr/local/sbin:/usr/sbin:/usr/lpp/mmfs/bin:/opt/ibutils/bin:/users/lindgren/whv244/.local/bin:/users/lindgren/whv244/bin:/users/lindgren/whv244/plink:/users/lindgren/whv244/htslib_1.11/bin:/usr/lpp/mmfs/bin:/users/lindgren/whv244/.local/bin:/users/lindgren/whv244/bin:/users/lindgren/whv244/plink:/users/lindgren/whv244/htslib_1.11/bin/' ';export' 'PATH;_LMFILES_=/apps/eb/skylake/modules/all/PLINK/2.00-alpha2-x86_64:/apps/eb/skylake/modules/all/Anaconda3/2020.07:/mgmt/modules/Modules/3.2.10/modulefiles/java/1.8.0_latest' ';export' '_LMFILES_;'
++ JAVA_HOME=/apps/well/java/jdk1.8.0_latest
++ export JAVA_HOME
++ LOADEDMODULES=PLINK/2.00-alpha2-x86_64:Anaconda3/2020.07:java/1.8.0_latest
++ export LOADEDMODULES
++ PATH=/apps/well/java/jdk1.8.0_latest/bin:/mgmt/uge/8.6.8/bin/lx-amd64:/apps/eb/skylake/software/Anaconda3/2020.07:/apps/eb/skylake/software/Anaconda3/2020.07/sbin:/apps/eb/skylake/software/Anaconda3/2020.07/bin:/apps/eb/skylake/software/PLINK/2.00-alpha2-x86_64:/apps/eb/skylake/software/Anaconda3/2020.11/bin:/apps/eb/skylake/software/Anaconda3/2020.11/condabin:/mgmt/uge/8.6.8/bin/lx-amd64:/usr/local/bin:/usr/bin:/usr/local/sbin:/usr/sbin:/usr/lpp/mmfs/bin:/opt/ibutils/bin:/users/lindgren/whv244/.local/bin:/users/lindgren/whv244/bin:/users/lindgren/whv244/plink:/users/lindgren/whv244/htslib_1.11/bin:/usr/lpp/mmfs/bin:/users/lindgren/whv244/.local/bin:/users/lindgren/whv244/bin:/users/lindgren/whv244/plink:/users/lindgren/whv244/htslib_1.11/bin/
++ export PATH
++ _LMFILES_=/apps/eb/skylake/modules/all/PLINK/2.00-alpha2-x86_64:/apps/eb/skylake/modules/all/Anaconda3/2020.07:/mgmt/modules/Modules/3.2.10/modulefiles/java/1.8.0_latest
++ export _LMFILES_
+ set_up_conda
+ export PS1=
+ PS1=
++ /apps/eb/skylake/software/Anaconda3/2020.07/bin/conda shell.bash hook
+ local '__conda_setup=export CONDA_EXE='\''/apps/eb/skylake/software/Anaconda3/2020.07/bin/conda'\''
export _CE_M='\'''\''
export _CE_CONDA='\'''\''
export CONDA_PYTHON_EXE='\''/apps/eb/skylake/software/Anaconda3/2020.07/bin/python'\''

# Copyright (C) 2012 Anaconda, Inc
# SPDX-License-Identifier: BSD-3-Clause

__add_sys_prefix_to_path() {
    # In dev-mode CONDA_EXE is python.exe and on Windows
    # it is in a different relative location to condabin.
    if [ -n "${_CE_CONDA}" ] && [ -n "${WINDIR+x}" ]; then
        SYSP=$(\dirname "${CONDA_EXE}")
    else
        SYSP=$(\dirname "${CONDA_EXE}")
        SYSP=$(\dirname "${SYSP}")
    fi

    if [ -n "${WINDIR+x}" ]; then
        PATH="${SYSP}/bin:${PATH}"
        PATH="${SYSP}/Scripts:${PATH}"
        PATH="${SYSP}/Library/bin:${PATH}"
        PATH="${SYSP}/Library/usr/bin:${PATH}"
        PATH="${SYSP}/Library/mingw-w64/bin:${PATH}"
        PATH="${SYSP}:${PATH}"
    else
        PATH="${SYSP}/bin:${PATH}"
    fi
    \export PATH
}

__conda_hashr() {
    if [ -n "${ZSH_VERSION:+x}" ]; then
        \rehash
    elif [ -n "${POSH_VERSION:+x}" ]; then
        :  # pass
    else
        \hash -r
    fi
}

__conda_activate() {
    if [ -n "${CONDA_PS1_BACKUP:+x}" ]; then
        # Handle transition from shell activated with conda <= 4.3 to a subsequent activation
        # after conda updated to >= 4.4. See issue #6173.
        PS1="$CONDA_PS1_BACKUP"
        \unset CONDA_PS1_BACKUP
    fi

    \local cmd="$1"
    shift
    \local ask_conda
    CONDA_INTERNAL_OLDPATH="${PATH}"
    __add_sys_prefix_to_path
    ask_conda="$(PS1="$PS1" "$CONDA_EXE" $_CE_M $_CE_CONDA shell.posix "$cmd" "$@")" || \return $?
    rc=$?
    PATH="${CONDA_INTERNAL_OLDPATH}"
    \eval "$ask_conda"
    if [ $rc != 0 ]; then
        \export PATH
    fi
    __conda_hashr
}

__conda_reactivate() {
    \local ask_conda
    CONDA_INTERNAL_OLDPATH="${PATH}"
    __add_sys_prefix_to_path
    ask_conda="$(PS1="$PS1" "$CONDA_EXE" $_CE_M $_CE_CONDA shell.posix reactivate)" || \return $?
    PATH="${CONDA_INTERNAL_OLDPATH}"
    \eval "$ask_conda"
    __conda_hashr
}

conda() {
    if [ "$#" -lt 1 ]; then
        "$CONDA_EXE" $_CE_M $_CE_CONDA
    else
        \local cmd="$1"
        shift
        case "$cmd" in
            activate|deactivate)
                __conda_activate "$cmd" "$@"
                ;;
            install|update|upgrade|remove|uninstall)
                CONDA_INTERNAL_OLDPATH="${PATH}"
                __add_sys_prefix_to_path
                "$CONDA_EXE" $_CE_M $_CE_CONDA "$cmd" "$@"
                \local t1=$?
                PATH="${CONDA_INTERNAL_OLDPATH}"
                if [ $t1 = 0 ]; then
                    __conda_reactivate
                else
                    return $t1
                fi
                ;;
            *)
                CONDA_INTERNAL_OLDPATH="${PATH}"
                __add_sys_prefix_to_path
                "$CONDA_EXE" $_CE_M $_CE_CONDA "$cmd" "$@"
                \local t1=$?
                PATH="${CONDA_INTERNAL_OLDPATH}"
                return $t1
                ;;
        esac
    fi
}

if [ -z "${CONDA_SHLVL+x}" ]; then
    \export CONDA_SHLVL=0
    # In dev-mode CONDA_EXE is python.exe and on Windows
    # it is in a different relative location to condabin.
    if [ -n "${_CE_CONDA+x}" ] && [ -n "${WINDIR+x}" ]; then
        PATH="$(\dirname "$CONDA_EXE")/condabin${PATH:+":${PATH}"}"
    else
        PATH="$(\dirname "$(\dirname "$CONDA_EXE")")/condabin${PATH:+":${PATH}"}"
    fi
    \export PATH

    # We'\''re not allowing PS1 to be unbound. It must at least be set.
    # However, we'\''re not exporting it, which can cause problems when starting a second shell
    # via a first shell (i.e. starting zsh from bash).
    if [ -z "${PS1+x}" ]; then
        PS1=
    fi
fi

conda activate base'
+ '[' 0 -eq 0 ']'
+ eval 'export CONDA_EXE='\''/apps/eb/skylake/software/Anaconda3/2020.07/bin/conda'\''
export _CE_M='\'''\''
export _CE_CONDA='\'''\''
export CONDA_PYTHON_EXE='\''/apps/eb/skylake/software/Anaconda3/2020.07/bin/python'\''

# Copyright (C) 2012 Anaconda, Inc
# SPDX-License-Identifier: BSD-3-Clause

__add_sys_prefix_to_path() {
    # In dev-mode CONDA_EXE is python.exe and on Windows
    # it is in a different relative location to condabin.
    if [ -n "${_CE_CONDA}" ] && [ -n "${WINDIR+x}" ]; then
        SYSP=$(\dirname "${CONDA_EXE}")
    else
        SYSP=$(\dirname "${CONDA_EXE}")
        SYSP=$(\dirname "${SYSP}")
    fi

    if [ -n "${WINDIR+x}" ]; then
        PATH="${SYSP}/bin:${PATH}"
        PATH="${SYSP}/Scripts:${PATH}"
        PATH="${SYSP}/Library/bin:${PATH}"
        PATH="${SYSP}/Library/usr/bin:${PATH}"
        PATH="${SYSP}/Library/mingw-w64/bin:${PATH}"
        PATH="${SYSP}:${PATH}"
    else
        PATH="${SYSP}/bin:${PATH}"
    fi
    \export PATH
}

__conda_hashr() {
    if [ -n "${ZSH_VERSION:+x}" ]; then
        \rehash
    elif [ -n "${POSH_VERSION:+x}" ]; then
        :  # pass
    else
        \hash -r
    fi
}

__conda_activate() {
    if [ -n "${CONDA_PS1_BACKUP:+x}" ]; then
        # Handle transition from shell activated with conda <= 4.3 to a subsequent activation
        # after conda updated to >= 4.4. See issue #6173.
        PS1="$CONDA_PS1_BACKUP"
        \unset CONDA_PS1_BACKUP
    fi

    \local cmd="$1"
    shift
    \local ask_conda
    CONDA_INTERNAL_OLDPATH="${PATH}"
    __add_sys_prefix_to_path
    ask_conda="$(PS1="$PS1" "$CONDA_EXE" $_CE_M $_CE_CONDA shell.posix "$cmd" "$@")" || \return $?
    rc=$?
    PATH="${CONDA_INTERNAL_OLDPATH}"
    \eval "$ask_conda"
    if [ $rc != 0 ]; then
        \export PATH
    fi
    __conda_hashr
}

__conda_reactivate() {
    \local ask_conda
    CONDA_INTERNAL_OLDPATH="${PATH}"
    __add_sys_prefix_to_path
    ask_conda="$(PS1="$PS1" "$CONDA_EXE" $_CE_M $_CE_CONDA shell.posix reactivate)" || \return $?
    PATH="${CONDA_INTERNAL_OLDPATH}"
    \eval "$ask_conda"
    __conda_hashr
}

conda() {
    if [ "$#" -lt 1 ]; then
        "$CONDA_EXE" $_CE_M $_CE_CONDA
    else
        \local cmd="$1"
        shift
        case "$cmd" in
            activate|deactivate)
                __conda_activate "$cmd" "$@"
                ;;
            install|update|upgrade|remove|uninstall)
                CONDA_INTERNAL_OLDPATH="${PATH}"
                __add_sys_prefix_to_path
                "$CONDA_EXE" $_CE_M $_CE_CONDA "$cmd" "$@"
                \local t1=$?
                PATH="${CONDA_INTERNAL_OLDPATH}"
                if [ $t1 = 0 ]; then
                    __conda_reactivate
                else
                    return $t1
                fi
                ;;
            *)
                CONDA_INTERNAL_OLDPATH="${PATH}"
                __add_sys_prefix_to_path
                "$CONDA_EXE" $_CE_M $_CE_CONDA "$cmd" "$@"
                \local t1=$?
                PATH="${CONDA_INTERNAL_OLDPATH}"
                return $t1
                ;;
        esac
    fi
}

if [ -z "${CONDA_SHLVL+x}" ]; then
    \export CONDA_SHLVL=0
    # In dev-mode CONDA_EXE is python.exe and on Windows
    # it is in a different relative location to condabin.
    if [ -n "${_CE_CONDA+x}" ] && [ -n "${WINDIR+x}" ]; then
        PATH="$(\dirname "$CONDA_EXE")/condabin${PATH:+":${PATH}"}"
    else
        PATH="$(\dirname "$(\dirname "$CONDA_EXE")")/condabin${PATH:+":${PATH}"}"
    fi
    \export PATH

    # We'\''re not allowing PS1 to be unbound. It must at least be set.
    # However, we'\''re not exporting it, which can cause problems when starting a second shell
    # via a first shell (i.e. starting zsh from bash).
    if [ -z "${PS1+x}" ]; then
        PS1=
    fi
fi

conda activate base'
++ export CONDA_EXE=/apps/eb/skylake/software/Anaconda3/2020.07/bin/conda
++ CONDA_EXE=/apps/eb/skylake/software/Anaconda3/2020.07/bin/conda
++ export _CE_M=
++ _CE_M=
++ export _CE_CONDA=
++ _CE_CONDA=
++ export CONDA_PYTHON_EXE=/apps/eb/skylake/software/Anaconda3/2020.07/bin/python
++ CONDA_PYTHON_EXE=/apps/eb/skylake/software/Anaconda3/2020.07/bin/python
++ '[' -z x ']'
++ conda activate base
++ '[' 2 -lt 1 ']'
++ local cmd=activate
++ shift
++ case "$cmd" in
++ __conda_activate activate base
++ '[' -n '' ']'
++ local cmd=activate
++ shift
++ local ask_conda
++ CONDA_INTERNAL_OLDPATH=/apps/well/java/jdk1.8.0_latest/bin:/mgmt/uge/8.6.8/bin/lx-amd64:/apps/eb/skylake/software/Anaconda3/2020.07:/apps/eb/skylake/software/Anaconda3/2020.07/sbin:/apps/eb/skylake/software/Anaconda3/2020.07/bin:/apps/eb/skylake/software/PLINK/2.00-alpha2-x86_64:/apps/eb/skylake/software/Anaconda3/2020.11/bin:/apps/eb/skylake/software/Anaconda3/2020.11/condabin:/mgmt/uge/8.6.8/bin/lx-amd64:/usr/local/bin:/usr/bin:/usr/local/sbin:/usr/sbin:/usr/lpp/mmfs/bin:/opt/ibutils/bin:/users/lindgren/whv244/.local/bin:/users/lindgren/whv244/bin:/users/lindgren/whv244/plink:/users/lindgren/whv244/htslib_1.11/bin:/usr/lpp/mmfs/bin:/users/lindgren/whv244/.local/bin:/users/lindgren/whv244/bin:/users/lindgren/whv244/plink:/users/lindgren/whv244/htslib_1.11/bin/
++ __add_sys_prefix_to_path
++ '[' -n '' ']'
+++ dirname /apps/eb/skylake/software/Anaconda3/2020.07/bin/conda
++ SYSP=/apps/eb/skylake/software/Anaconda3/2020.07/bin
+++ dirname /apps/eb/skylake/software/Anaconda3/2020.07/bin
++ SYSP=/apps/eb/skylake/software/Anaconda3/2020.07
++ '[' -n '' ']'
++ PATH=/apps/eb/skylake/software/Anaconda3/2020.07/bin:/apps/well/java/jdk1.8.0_latest/bin:/mgmt/uge/8.6.8/bin/lx-amd64:/apps/eb/skylake/software/Anaconda3/2020.07:/apps/eb/skylake/software/Anaconda3/2020.07/sbin:/apps/eb/skylake/software/Anaconda3/2020.07/bin:/apps/eb/skylake/software/PLINK/2.00-alpha2-x86_64:/apps/eb/skylake/software/Anaconda3/2020.11/bin:/apps/eb/skylake/software/Anaconda3/2020.11/condabin:/mgmt/uge/8.6.8/bin/lx-amd64:/usr/local/bin:/usr/bin:/usr/local/sbin:/usr/sbin:/usr/lpp/mmfs/bin:/opt/ibutils/bin:/users/lindgren/whv244/.local/bin:/users/lindgren/whv244/bin:/users/lindgren/whv244/plink:/users/lindgren/whv244/htslib_1.11/bin:/usr/lpp/mmfs/bin:/users/lindgren/whv244/.local/bin:/users/lindgren/whv244/bin:/users/lindgren/whv244/plink:/users/lindgren/whv244/htslib_1.11/bin/
++ export PATH
+++ PS1=
+++ /apps/eb/skylake/software/Anaconda3/2020.07/bin/conda shell.posix activate base
++ ask_conda='PS1='\''(base) '\''
export PATH='\''/apps/well/java/jdk1.8.0_latest/bin:/mgmt/uge/8.6.8/bin/lx-amd64:/apps/eb/skylake/software/Anaconda3/2020.07:/apps/eb/skylake/software/Anaconda3/2020.07/sbin:/apps/eb/skylake/software/Anaconda3/2020.07/bin:/apps/eb/skylake/software/PLINK/2.00-alpha2-x86_64:/apps/eb/skylake/software/Anaconda3/2020.07/bin:/apps/eb/skylake/software/Anaconda3/2020.11/condabin:/mgmt/uge/8.6.8/bin/lx-amd64:/usr/local/bin:/usr/bin:/usr/local/sbin:/usr/sbin:/usr/lpp/mmfs/bin:/opt/ibutils/bin:/users/lindgren/whv244/.local/bin:/users/lindgren/whv244/bin:/users/lindgren/whv244/plink:/users/lindgren/whv244/htslib_1.11/bin:/usr/lpp/mmfs/bin:/users/lindgren/whv244/.local/bin:/users/lindgren/whv244/bin:/users/lindgren/whv244/plink:/users/lindgren/whv244/htslib_1.11/bin'\''
export CONDA_PREFIX='\''/apps/eb/skylake/software/Anaconda3/2020.07'\''
export CONDA_SHLVL='\''2'\''
export CONDA_DEFAULT_ENV='\''base'\''
export CONDA_PROMPT_MODIFIER='\''(base) '\''
export CONDA_EXE='\''/apps/eb/skylake/software/Anaconda3/2020.07/bin/conda'\''
export _CE_M='\'''\''
export _CE_CONDA='\'''\''
export CONDA_PYTHON_EXE='\''/apps/eb/skylake/software/Anaconda3/2020.07/bin/python'\''
export CONDA_PREFIX_1='\''/apps/eb/skylake/software/Anaconda3/2020.11'\'''
++ rc=0
++ PATH=/apps/well/java/jdk1.8.0_latest/bin:/mgmt/uge/8.6.8/bin/lx-amd64:/apps/eb/skylake/software/Anaconda3/2020.07:/apps/eb/skylake/software/Anaconda3/2020.07/sbin:/apps/eb/skylake/software/Anaconda3/2020.07/bin:/apps/eb/skylake/software/PLINK/2.00-alpha2-x86_64:/apps/eb/skylake/software/Anaconda3/2020.11/bin:/apps/eb/skylake/software/Anaconda3/2020.11/condabin:/mgmt/uge/8.6.8/bin/lx-amd64:/usr/local/bin:/usr/bin:/usr/local/sbin:/usr/sbin:/usr/lpp/mmfs/bin:/opt/ibutils/bin:/users/lindgren/whv244/.local/bin:/users/lindgren/whv244/bin:/users/lindgren/whv244/plink:/users/lindgren/whv244/htslib_1.11/bin:/usr/lpp/mmfs/bin:/users/lindgren/whv244/.local/bin:/users/lindgren/whv244/bin:/users/lindgren/whv244/plink:/users/lindgren/whv244/htslib_1.11/bin/
++ eval 'PS1='\''(base) '\''
export PATH='\''/apps/well/java/jdk1.8.0_latest/bin:/mgmt/uge/8.6.8/bin/lx-amd64:/apps/eb/skylake/software/Anaconda3/2020.07:/apps/eb/skylake/software/Anaconda3/2020.07/sbin:/apps/eb/skylake/software/Anaconda3/2020.07/bin:/apps/eb/skylake/software/PLINK/2.00-alpha2-x86_64:/apps/eb/skylake/software/Anaconda3/2020.07/bin:/apps/eb/skylake/software/Anaconda3/2020.11/condabin:/mgmt/uge/8.6.8/bin/lx-amd64:/usr/local/bin:/usr/bin:/usr/local/sbin:/usr/sbin:/usr/lpp/mmfs/bin:/opt/ibutils/bin:/users/lindgren/whv244/.local/bin:/users/lindgren/whv244/bin:/users/lindgren/whv244/plink:/users/lindgren/whv244/htslib_1.11/bin:/usr/lpp/mmfs/bin:/users/lindgren/whv244/.local/bin:/users/lindgren/whv244/bin:/users/lindgren/whv244/plink:/users/lindgren/whv244/htslib_1.11/bin'\''
export CONDA_PREFIX='\''/apps/eb/skylake/software/Anaconda3/2020.07'\''
export CONDA_SHLVL='\''2'\''
export CONDA_DEFAULT_ENV='\''base'\''
export CONDA_PROMPT_MODIFIER='\''(base) '\''
export CONDA_EXE='\''/apps/eb/skylake/software/Anaconda3/2020.07/bin/conda'\''
export _CE_M='\'''\''
export _CE_CONDA='\'''\''
export CONDA_PYTHON_EXE='\''/apps/eb/skylake/software/Anaconda3/2020.07/bin/python'\''
export CONDA_PREFIX_1='\''/apps/eb/skylake/software/Anaconda3/2020.11'\'''
+++ PS1='(base) '
+++ export PATH=/apps/well/java/jdk1.8.0_latest/bin:/mgmt/uge/8.6.8/bin/lx-amd64:/apps/eb/skylake/software/Anaconda3/2020.07:/apps/eb/skylake/software/Anaconda3/2020.07/sbin:/apps/eb/skylake/software/Anaconda3/2020.07/bin:/apps/eb/skylake/software/PLINK/2.00-alpha2-x86_64:/apps/eb/skylake/software/Anaconda3/2020.07/bin:/apps/eb/skylake/software/Anaconda3/2020.11/condabin:/mgmt/uge/8.6.8/bin/lx-amd64:/usr/local/bin:/usr/bin:/usr/local/sbin:/usr/sbin:/usr/lpp/mmfs/bin:/opt/ibutils/bin:/users/lindgren/whv244/.local/bin:/users/lindgren/whv244/bin:/users/lindgren/whv244/plink:/users/lindgren/whv244/htslib_1.11/bin:/usr/lpp/mmfs/bin:/users/lindgren/whv244/.local/bin:/users/lindgren/whv244/bin:/users/lindgren/whv244/plink:/users/lindgren/whv244/htslib_1.11/bin
+++ PATH=/apps/well/java/jdk1.8.0_latest/bin:/mgmt/uge/8.6.8/bin/lx-amd64:/apps/eb/skylake/software/Anaconda3/2020.07:/apps/eb/skylake/software/Anaconda3/2020.07/sbin:/apps/eb/skylake/software/Anaconda3/2020.07/bin:/apps/eb/skylake/software/PLINK/2.00-alpha2-x86_64:/apps/eb/skylake/software/Anaconda3/2020.07/bin:/apps/eb/skylake/software/Anaconda3/2020.11/condabin:/mgmt/uge/8.6.8/bin/lx-amd64:/usr/local/bin:/usr/bin:/usr/local/sbin:/usr/sbin:/usr/lpp/mmfs/bin:/opt/ibutils/bin:/users/lindgren/whv244/.local/bin:/users/lindgren/whv244/bin:/users/lindgren/whv244/plink:/users/lindgren/whv244/htslib_1.11/bin:/usr/lpp/mmfs/bin:/users/lindgren/whv244/.local/bin:/users/lindgren/whv244/bin:/users/lindgren/whv244/plink:/users/lindgren/whv244/htslib_1.11/bin
+++ export CONDA_PREFIX=/apps/eb/skylake/software/Anaconda3/2020.07
+++ CONDA_PREFIX=/apps/eb/skylake/software/Anaconda3/2020.07
+++ export CONDA_SHLVL=2
+++ CONDA_SHLVL=2
+++ export CONDA_DEFAULT_ENV=base
+++ CONDA_DEFAULT_ENV=base
+++ export 'CONDA_PROMPT_MODIFIER=(base) '
+++ CONDA_PROMPT_MODIFIER='(base) '
+++ export CONDA_EXE=/apps/eb/skylake/software/Anaconda3/2020.07/bin/conda
+++ CONDA_EXE=/apps/eb/skylake/software/Anaconda3/2020.07/bin/conda
+++ export _CE_M=
+++ _CE_M=
+++ export _CE_CONDA=
+++ _CE_CONDA=
+++ export CONDA_PYTHON_EXE=/apps/eb/skylake/software/Anaconda3/2020.07/bin/python
+++ CONDA_PYTHON_EXE=/apps/eb/skylake/software/Anaconda3/2020.07/bin/python
+++ export CONDA_PREFIX_1=/apps/eb/skylake/software/Anaconda3/2020.11
+++ CONDA_PREFIX_1=/apps/eb/skylake/software/Anaconda3/2020.11
++ '[' 0 '!=' 0 ']'
++ __conda_hashr
++ '[' -n '' ']'
++ '[' -n '' ']'
++ hash -r
+ unset __conda_setup
+ local _hail_conda_env=hail
+ conda activate hail
+ '[' 2 -lt 1 ']'
+ local cmd=activate
+ shift
+ case "$cmd" in
+ __conda_activate activate hail
+ '[' -n '' ']'
+ local cmd=activate
+ shift
+ local ask_conda
+ CONDA_INTERNAL_OLDPATH=/apps/well/java/jdk1.8.0_latest/bin:/mgmt/uge/8.6.8/bin/lx-amd64:/apps/eb/skylake/software/Anaconda3/2020.07:/apps/eb/skylake/software/Anaconda3/2020.07/sbin:/apps/eb/skylake/software/Anaconda3/2020.07/bin:/apps/eb/skylake/software/PLINK/2.00-alpha2-x86_64:/apps/eb/skylake/software/Anaconda3/2020.07/bin:/apps/eb/skylake/software/Anaconda3/2020.11/condabin:/mgmt/uge/8.6.8/bin/lx-amd64:/usr/local/bin:/usr/bin:/usr/local/sbin:/usr/sbin:/usr/lpp/mmfs/bin:/opt/ibutils/bin:/users/lindgren/whv244/.local/bin:/users/lindgren/whv244/bin:/users/lindgren/whv244/plink:/users/lindgren/whv244/htslib_1.11/bin:/usr/lpp/mmfs/bin:/users/lindgren/whv244/.local/bin:/users/lindgren/whv244/bin:/users/lindgren/whv244/plink:/users/lindgren/whv244/htslib_1.11/bin
+ __add_sys_prefix_to_path
+ '[' -n '' ']'
++ dirname /apps/eb/skylake/software/Anaconda3/2020.07/bin/conda
+ SYSP=/apps/eb/skylake/software/Anaconda3/2020.07/bin
++ dirname /apps/eb/skylake/software/Anaconda3/2020.07/bin
+ SYSP=/apps/eb/skylake/software/Anaconda3/2020.07
+ '[' -n '' ']'
+ PATH=/apps/eb/skylake/software/Anaconda3/2020.07/bin:/apps/well/java/jdk1.8.0_latest/bin:/mgmt/uge/8.6.8/bin/lx-amd64:/apps/eb/skylake/software/Anaconda3/2020.07:/apps/eb/skylake/software/Anaconda3/2020.07/sbin:/apps/eb/skylake/software/Anaconda3/2020.07/bin:/apps/eb/skylake/software/PLINK/2.00-alpha2-x86_64:/apps/eb/skylake/software/Anaconda3/2020.07/bin:/apps/eb/skylake/software/Anaconda3/2020.11/condabin:/mgmt/uge/8.6.8/bin/lx-amd64:/usr/local/bin:/usr/bin:/usr/local/sbin:/usr/sbin:/usr/lpp/mmfs/bin:/opt/ibutils/bin:/users/lindgren/whv244/.local/bin:/users/lindgren/whv244/bin:/users/lindgren/whv244/plink:/users/lindgren/whv244/htslib_1.11/bin:/usr/lpp/mmfs/bin:/users/lindgren/whv244/.local/bin:/users/lindgren/whv244/bin:/users/lindgren/whv244/plink:/users/lindgren/whv244/htslib_1.11/bin
+ export PATH
++ PS1='(base) '
++ /apps/eb/skylake/software/Anaconda3/2020.07/bin/conda shell.posix activate hail
+ ask_conda='PS1='\''(hail) '\''
export PATH='\''/apps/well/java/jdk1.8.0_latest/bin:/mgmt/uge/8.6.8/bin/lx-amd64:/apps/eb/skylake/software/Anaconda3/2020.07:/apps/eb/skylake/software/Anaconda3/2020.07/sbin:/well/lindgren-ukbb/projects/ukbb-11867/nbaya/conda/envs/hail/bin:/apps/eb/skylake/software/PLINK/2.00-alpha2-x86_64:/apps/eb/skylake/software/Anaconda3/2020.07/bin:/apps/eb/skylake/software/Anaconda3/2020.11/condabin:/mgmt/uge/8.6.8/bin/lx-amd64:/usr/local/bin:/usr/bin:/usr/local/sbin:/usr/sbin:/usr/lpp/mmfs/bin:/opt/ibutils/bin:/users/lindgren/whv244/.local/bin:/users/lindgren/whv244/bin:/users/lindgren/whv244/plink:/users/lindgren/whv244/htslib_1.11/bin:/usr/lpp/mmfs/bin:/users/lindgren/whv244/.local/bin:/users/lindgren/whv244/bin:/users/lindgren/whv244/plink:/users/lindgren/whv244/htslib_1.11/bin'\''
export CONDA_PREFIX='\''/well/lindgren-ukbb/projects/ukbb-11867/nbaya/conda/envs/hail'\''
export CONDA_SHLVL='\''3'\''
export CONDA_DEFAULT_ENV='\''hail'\''
export CONDA_PROMPT_MODIFIER='\''(hail) '\''
export CONDA_EXE='\''/apps/eb/skylake/software/Anaconda3/2020.07/bin/conda'\''
export _CE_M='\'''\''
export _CE_CONDA='\'''\''
export CONDA_PYTHON_EXE='\''/apps/eb/skylake/software/Anaconda3/2020.07/bin/python'\''
export CONDA_PREFIX_2='\''/apps/eb/skylake/software/Anaconda3/2020.07'\'''
+ rc=0
+ PATH=/apps/well/java/jdk1.8.0_latest/bin:/mgmt/uge/8.6.8/bin/lx-amd64:/apps/eb/skylake/software/Anaconda3/2020.07:/apps/eb/skylake/software/Anaconda3/2020.07/sbin:/apps/eb/skylake/software/Anaconda3/2020.07/bin:/apps/eb/skylake/software/PLINK/2.00-alpha2-x86_64:/apps/eb/skylake/software/Anaconda3/2020.07/bin:/apps/eb/skylake/software/Anaconda3/2020.11/condabin:/mgmt/uge/8.6.8/bin/lx-amd64:/usr/local/bin:/usr/bin:/usr/local/sbin:/usr/sbin:/usr/lpp/mmfs/bin:/opt/ibutils/bin:/users/lindgren/whv244/.local/bin:/users/lindgren/whv244/bin:/users/lindgren/whv244/plink:/users/lindgren/whv244/htslib_1.11/bin:/usr/lpp/mmfs/bin:/users/lindgren/whv244/.local/bin:/users/lindgren/whv244/bin:/users/lindgren/whv244/plink:/users/lindgren/whv244/htslib_1.11/bin
+ eval 'PS1='\''(hail) '\''
export PATH='\''/apps/well/java/jdk1.8.0_latest/bin:/mgmt/uge/8.6.8/bin/lx-amd64:/apps/eb/skylake/software/Anaconda3/2020.07:/apps/eb/skylake/software/Anaconda3/2020.07/sbin:/well/lindgren-ukbb/projects/ukbb-11867/nbaya/conda/envs/hail/bin:/apps/eb/skylake/software/PLINK/2.00-alpha2-x86_64:/apps/eb/skylake/software/Anaconda3/2020.07/bin:/apps/eb/skylake/software/Anaconda3/2020.11/condabin:/mgmt/uge/8.6.8/bin/lx-amd64:/usr/local/bin:/usr/bin:/usr/local/sbin:/usr/sbin:/usr/lpp/mmfs/bin:/opt/ibutils/bin:/users/lindgren/whv244/.local/bin:/users/lindgren/whv244/bin:/users/lindgren/whv244/plink:/users/lindgren/whv244/htslib_1.11/bin:/usr/lpp/mmfs/bin:/users/lindgren/whv244/.local/bin:/users/lindgren/whv244/bin:/users/lindgren/whv244/plink:/users/lindgren/whv244/htslib_1.11/bin'\''
export CONDA_PREFIX='\''/well/lindgren-ukbb/projects/ukbb-11867/nbaya/conda/envs/hail'\''
export CONDA_SHLVL='\''3'\''
export CONDA_DEFAULT_ENV='\''hail'\''
export CONDA_PROMPT_MODIFIER='\''(hail) '\''
export CONDA_EXE='\''/apps/eb/skylake/software/Anaconda3/2020.07/bin/conda'\''
export _CE_M='\'''\''
export _CE_CONDA='\'''\''
export CONDA_PYTHON_EXE='\''/apps/eb/skylake/software/Anaconda3/2020.07/bin/python'\''
export CONDA_PREFIX_2='\''/apps/eb/skylake/software/Anaconda3/2020.07'\'''
++ PS1='(hail) '
++ export PATH=/apps/well/java/jdk1.8.0_latest/bin:/mgmt/uge/8.6.8/bin/lx-amd64:/apps/eb/skylake/software/Anaconda3/2020.07:/apps/eb/skylake/software/Anaconda3/2020.07/sbin:/well/lindgren-ukbb/projects/ukbb-11867/nbaya/conda/envs/hail/bin:/apps/eb/skylake/software/PLINK/2.00-alpha2-x86_64:/apps/eb/skylake/software/Anaconda3/2020.07/bin:/apps/eb/skylake/software/Anaconda3/2020.11/condabin:/mgmt/uge/8.6.8/bin/lx-amd64:/usr/local/bin:/usr/bin:/usr/local/sbin:/usr/sbin:/usr/lpp/mmfs/bin:/opt/ibutils/bin:/users/lindgren/whv244/.local/bin:/users/lindgren/whv244/bin:/users/lindgren/whv244/plink:/users/lindgren/whv244/htslib_1.11/bin:/usr/lpp/mmfs/bin:/users/lindgren/whv244/.local/bin:/users/lindgren/whv244/bin:/users/lindgren/whv244/plink:/users/lindgren/whv244/htslib_1.11/bin
++ PATH=/apps/well/java/jdk1.8.0_latest/bin:/mgmt/uge/8.6.8/bin/lx-amd64:/apps/eb/skylake/software/Anaconda3/2020.07:/apps/eb/skylake/software/Anaconda3/2020.07/sbin:/well/lindgren-ukbb/projects/ukbb-11867/nbaya/conda/envs/hail/bin:/apps/eb/skylake/software/PLINK/2.00-alpha2-x86_64:/apps/eb/skylake/software/Anaconda3/2020.07/bin:/apps/eb/skylake/software/Anaconda3/2020.11/condabin:/mgmt/uge/8.6.8/bin/lx-amd64:/usr/local/bin:/usr/bin:/usr/local/sbin:/usr/sbin:/usr/lpp/mmfs/bin:/opt/ibutils/bin:/users/lindgren/whv244/.local/bin:/users/lindgren/whv244/bin:/users/lindgren/whv244/plink:/users/lindgren/whv244/htslib_1.11/bin:/usr/lpp/mmfs/bin:/users/lindgren/whv244/.local/bin:/users/lindgren/whv244/bin:/users/lindgren/whv244/plink:/users/lindgren/whv244/htslib_1.11/bin
++ export CONDA_PREFIX=/well/lindgren-ukbb/projects/ukbb-11867/nbaya/conda/envs/hail
++ CONDA_PREFIX=/well/lindgren-ukbb/projects/ukbb-11867/nbaya/conda/envs/hail
++ export CONDA_SHLVL=3
++ CONDA_SHLVL=3
++ export CONDA_DEFAULT_ENV=hail
++ CONDA_DEFAULT_ENV=hail
++ export 'CONDA_PROMPT_MODIFIER=(hail) '
++ CONDA_PROMPT_MODIFIER='(hail) '
++ export CONDA_EXE=/apps/eb/skylake/software/Anaconda3/2020.07/bin/conda
++ CONDA_EXE=/apps/eb/skylake/software/Anaconda3/2020.07/bin/conda
++ export _CE_M=
++ _CE_M=
++ export _CE_CONDA=
++ _CE_CONDA=
++ export CONDA_PYTHON_EXE=/apps/eb/skylake/software/Anaconda3/2020.07/bin/python
++ CONDA_PYTHON_EXE=/apps/eb/skylake/software/Anaconda3/2020.07/bin/python
++ export CONDA_PREFIX_2=/apps/eb/skylake/software/Anaconda3/2020.07
++ CONDA_PREFIX_2=/apps/eb/skylake/software/Anaconda3/2020.07
+ '[' 0 '!=' 0 ']'
+ __conda_hashr
+ '[' -n '' ']'
+ '[' -n '' ']'
+ hash -r
++ get_hail_memory
/well/lindgren-ukbb/projects/ukbb-11867/nbaya/resources/ukb_utils/bash/hail_utils.sh: line 57: QUEUE: unbound variable
+ local _mem=
+ '[' '!' -z ']'
+ module load OpenBLAS/0.3.1-GCC-7.3.0-2.30
++ /gpfs0/mgmt/modules/Modules/3.2.10/bin/modulecmd bash load OpenBLAS/0.3.1-GCC-7.3.0-2.30
+ eval CPATH=/apps/eb/skylake/software/OpenBLAS/0.3.1-GCC-7.3.0-2.30/include:/apps/eb/skylake/software/binutils/2.30-GCCcore-7.3.0/include:/apps/eb/skylake/software/GCCcore/7.3.0/include ';export' 'CPATH;EBDEVELBINUTILS=/apps/eb/skylake/software/binutils/2.30-GCCcore-7.3.0/easybuild/binutils-2.30-GCCcore-7.3.0-easybuild-devel' ';export' 'EBDEVELBINUTILS;EBDEVELGCC=/apps/eb/skylake/software/GCC/7.3.0-2.30/easybuild/GCC-7.3.0-2.30-easybuild-devel' ';export' 'EBDEVELGCC;EBDEVELGCCCORE=/apps/eb/skylake/software/GCCcore/7.3.0/easybuild/GCCcore-7.3.0-easybuild-devel' ';export' 'EBDEVELGCCCORE;EBDEVELOPENBLAS=/apps/eb/skylake/software/OpenBLAS/0.3.1-GCC-7.3.0-2.30/easybuild/OpenBLAS-0.3.1-GCC-7.3.0-2.30-easybuild-devel' ';export' 'EBDEVELOPENBLAS;EBROOTBINUTILS=/apps/eb/skylake/software/binutils/2.30-GCCcore-7.3.0' ';export' 'EBROOTBINUTILS;EBROOTGCC=/apps/eb/skylake/software/GCCcore/7.3.0' ';export' 'EBROOTGCC;EBROOTGCCCORE=/apps/eb/skylake/software/GCCcore/7.3.0' ';export' 'EBROOTGCCCORE;EBROOTOPENBLAS=/apps/eb/skylake/software/OpenBLAS/0.3.1-GCC-7.3.0-2.30' ';export' 'EBROOTOPENBLAS;EBVERSIONBINUTILS=2.30' ';export' 'EBVERSIONBINUTILS;EBVERSIONGCC=7.3.0' ';export' 'EBVERSIONGCC;EBVERSIONGCCCORE=7.3.0' ';export' 'EBVERSIONGCCCORE;EBVERSIONOPENBLAS=0.3.1' ';export' 'EBVERSIONOPENBLAS;LD_LIBRARY_PATH=/apps/eb/skylake/software/OpenBLAS/0.3.1-GCC-7.3.0-2.30/lib:/apps/eb/skylake/software/binutils/2.30-GCCcore-7.3.0/lib:/apps/eb/skylake/software/GCCcore/7.3.0/lib/gcc/x86_64-pc-linux-gnu/7.3.0:/apps/eb/skylake/software/GCCcore/7.3.0/lib64:/apps/eb/skylake/software/GCCcore/7.3.0/lib' ';export' 'LD_LIBRARY_PATH;LIBRARY_PATH=/apps/eb/skylake/software/OpenBLAS/0.3.1-GCC-7.3.0-2.30/lib:/apps/eb/skylake/software/binutils/2.30-GCCcore-7.3.0/lib:/apps/eb/skylake/software/GCCcore/7.3.0/lib64:/apps/eb/skylake/software/GCCcore/7.3.0/lib' ';export' 'LIBRARY_PATH;LOADEDMODULES=PLINK/2.00-alpha2-x86_64:Anaconda3/2020.07:java/1.8.0_latest:GCCcore/7.3.0:binutils/2.30-GCCcore-7.3.0:GCC/7.3.0-2.30:OpenBLAS/0.3.1-GCC-7.3.0-2.30' ';export' 'LOADEDMODULES;MANPATH=/apps/eb/skylake/software/binutils/2.30-GCCcore-7.3.0/share/man:/apps/eb/skylake/software/GCCcore/7.3.0/share/man:/mgmt/uge/8.6.8/man:/apps/eb/skylake/software/Anaconda3/2020.07/share/man:/apps/eb/skylake/software/Anaconda3/2020.07/man:/mgmt/uge/8.6.8/man:/usr/share/man:/usr/local/share/man' ';export' 'MANPATH;PATH=/apps/eb/skylake/software/OpenBLAS/0.3.1-GCC-7.3.0-2.30/bin:/apps/eb/skylake/software/binutils/2.30-GCCcore-7.3.0/bin:/apps/eb/skylake/software/GCCcore/7.3.0/bin:/apps/well/java/jdk1.8.0_latest/bin:/mgmt/uge/8.6.8/bin/lx-amd64:/apps/eb/skylake/software/Anaconda3/2020.07:/apps/eb/skylake/software/Anaconda3/2020.07/sbin:/well/lindgren-ukbb/projects/ukbb-11867/nbaya/conda/envs/hail/bin:/apps/eb/skylake/software/PLINK/2.00-alpha2-x86_64:/apps/eb/skylake/software/Anaconda3/2020.07/bin:/apps/eb/skylake/software/Anaconda3/2020.11/condabin:/mgmt/uge/8.6.8/bin/lx-amd64:/usr/local/bin:/usr/bin:/usr/local/sbin:/usr/sbin:/usr/lpp/mmfs/bin:/opt/ibutils/bin:/users/lindgren/whv244/.local/bin:/users/lindgren/whv244/bin:/users/lindgren/whv244/plink:/users/lindgren/whv244/htslib_1.11/bin:/usr/lpp/mmfs/bin:/users/lindgren/whv244/.local/bin:/users/lindgren/whv244/bin:/users/lindgren/whv244/plink:/users/lindgren/whv244/htslib_1.11/bin' ';export' 'PATH;PKG_CONFIG_PATH=/apps/eb/skylake/software/OpenBLAS/0.3.1-GCC-7.3.0-2.30/lib/pkgconfig:/apps/eb/skylake/software/Anaconda3/2020.07/lib/pkgconfig' ';export' 'PKG_CONFIG_PATH;_LMFILES_=/apps/eb/skylake/modules/all/PLINK/2.00-alpha2-x86_64:/apps/eb/skylake/modules/all/Anaconda3/2020.07:/mgmt/modules/Modules/3.2.10/modulefiles/java/1.8.0_latest:/apps/eb/skylake/modules/all/GCCcore/7.3.0:/apps/eb/skylake/modules/all/binutils/2.30-GCCcore-7.3.0:/apps/eb/skylake/modules/all/GCC/7.3.0-2.30:/apps/eb/skylake/modules/all/OpenBLAS/0.3.1-GCC-7.3.0-2.30' ';export' '_LMFILES_;'
++ CPATH=/apps/eb/skylake/software/OpenBLAS/0.3.1-GCC-7.3.0-2.30/include:/apps/eb/skylake/software/binutils/2.30-GCCcore-7.3.0/include:/apps/eb/skylake/software/GCCcore/7.3.0/include
++ export CPATH
++ EBDEVELBINUTILS=/apps/eb/skylake/software/binutils/2.30-GCCcore-7.3.0/easybuild/binutils-2.30-GCCcore-7.3.0-easybuild-devel
++ export EBDEVELBINUTILS
++ EBDEVELGCC=/apps/eb/skylake/software/GCC/7.3.0-2.30/easybuild/GCC-7.3.0-2.30-easybuild-devel
++ export EBDEVELGCC
++ EBDEVELGCCCORE=/apps/eb/skylake/software/GCCcore/7.3.0/easybuild/GCCcore-7.3.0-easybuild-devel
++ export EBDEVELGCCCORE
++ EBDEVELOPENBLAS=/apps/eb/skylake/software/OpenBLAS/0.3.1-GCC-7.3.0-2.30/easybuild/OpenBLAS-0.3.1-GCC-7.3.0-2.30-easybuild-devel
++ export EBDEVELOPENBLAS
++ EBROOTBINUTILS=/apps/eb/skylake/software/binutils/2.30-GCCcore-7.3.0
++ export EBROOTBINUTILS
++ EBROOTGCC=/apps/eb/skylake/software/GCCcore/7.3.0
++ export EBROOTGCC
++ EBROOTGCCCORE=/apps/eb/skylake/software/GCCcore/7.3.0
++ export EBROOTGCCCORE
++ EBROOTOPENBLAS=/apps/eb/skylake/software/OpenBLAS/0.3.1-GCC-7.3.0-2.30
++ export EBROOTOPENBLAS
++ EBVERSIONBINUTILS=2.30
++ export EBVERSIONBINUTILS
++ EBVERSIONGCC=7.3.0
++ export EBVERSIONGCC
++ EBVERSIONGCCCORE=7.3.0
++ export EBVERSIONGCCCORE
++ EBVERSIONOPENBLAS=0.3.1
++ export EBVERSIONOPENBLAS
++ LD_LIBRARY_PATH=/apps/eb/skylake/software/OpenBLAS/0.3.1-GCC-7.3.0-2.30/lib:/apps/eb/skylake/software/binutils/2.30-GCCcore-7.3.0/lib:/apps/eb/skylake/software/GCCcore/7.3.0/lib/gcc/x86_64-pc-linux-gnu/7.3.0:/apps/eb/skylake/software/GCCcore/7.3.0/lib64:/apps/eb/skylake/software/GCCcore/7.3.0/lib
++ export LD_LIBRARY_PATH
++ LIBRARY_PATH=/apps/eb/skylake/software/OpenBLAS/0.3.1-GCC-7.3.0-2.30/lib:/apps/eb/skylake/software/binutils/2.30-GCCcore-7.3.0/lib:/apps/eb/skylake/software/GCCcore/7.3.0/lib64:/apps/eb/skylake/software/GCCcore/7.3.0/lib
++ export LIBRARY_PATH
++ LOADEDMODULES=PLINK/2.00-alpha2-x86_64:Anaconda3/2020.07:java/1.8.0_latest:GCCcore/7.3.0:binutils/2.30-GCCcore-7.3.0:GCC/7.3.0-2.30:OpenBLAS/0.3.1-GCC-7.3.0-2.30
++ export LOADEDMODULES
++ MANPATH=/apps/eb/skylake/software/binutils/2.30-GCCcore-7.3.0/share/man:/apps/eb/skylake/software/GCCcore/7.3.0/share/man:/mgmt/uge/8.6.8/man:/apps/eb/skylake/software/Anaconda3/2020.07/share/man:/apps/eb/skylake/software/Anaconda3/2020.07/man:/mgmt/uge/8.6.8/man:/usr/share/man:/usr/local/share/man
++ export MANPATH
++ PATH=/apps/eb/skylake/software/OpenBLAS/0.3.1-GCC-7.3.0-2.30/bin:/apps/eb/skylake/software/binutils/2.30-GCCcore-7.3.0/bin:/apps/eb/skylake/software/GCCcore/7.3.0/bin:/apps/well/java/jdk1.8.0_latest/bin:/mgmt/uge/8.6.8/bin/lx-amd64:/apps/eb/skylake/software/Anaconda3/2020.07:/apps/eb/skylake/software/Anaconda3/2020.07/sbin:/well/lindgren-ukbb/projects/ukbb-11867/nbaya/conda/envs/hail/bin:/apps/eb/skylake/software/PLINK/2.00-alpha2-x86_64:/apps/eb/skylake/software/Anaconda3/2020.07/bin:/apps/eb/skylake/software/Anaconda3/2020.11/condabin:/mgmt/uge/8.6.8/bin/lx-amd64:/usr/local/bin:/usr/bin:/usr/local/sbin:/usr/sbin:/usr/lpp/mmfs/bin:/opt/ibutils/bin:/users/lindgren/whv244/.local/bin:/users/lindgren/whv244/bin:/users/lindgren/whv244/plink:/users/lindgren/whv244/htslib_1.11/bin:/usr/lpp/mmfs/bin:/users/lindgren/whv244/.local/bin:/users/lindgren/whv244/bin:/users/lindgren/whv244/plink:/users/lindgren/whv244/htslib_1.11/bin
++ export PATH
++ PKG_CONFIG_PATH=/apps/eb/skylake/software/OpenBLAS/0.3.1-GCC-7.3.0-2.30/lib/pkgconfig:/apps/eb/skylake/software/Anaconda3/2020.07/lib/pkgconfig
++ export PKG_CONFIG_PATH
++ _LMFILES_=/apps/eb/skylake/modules/all/PLINK/2.00-alpha2-x86_64:/apps/eb/skylake/modules/all/Anaconda3/2020.07:/mgmt/modules/Modules/3.2.10/modulefiles/java/1.8.0_latest:/apps/eb/skylake/modules/all/GCCcore/7.3.0:/apps/eb/skylake/modules/all/binutils/2.30-GCCcore-7.3.0:/apps/eb/skylake/modules/all/GCC/7.3.0-2.30:/apps/eb/skylake/modules/all/OpenBLAS/0.3.1-GCC-7.3.0-2.30
++ export _LMFILES_
+ export LD_PRELOAD=/apps/eb/skylake/software/OpenBLAS/0.3.1-GCC-7.3.0-2.30/lib/libopenblas.so
+ LD_PRELOAD=/apps/eb/skylake/software/OpenBLAS/0.3.1-GCC-7.3.0-2.30/lib/libopenblas.so
+ python3 python/ukb_wes_450k_gwas/00_export_csqs.py --in_vcf data/vcf/ukb_wes_450k.qced.sites_only.chr9.vcf.bgz --out_prefix data/ht/ukb_wes_450k.qced.chr9 --skip_and_write_ht_of_variants
Setting default log level to "WARN".
To adjust logging level use sc.setLogLevel(newLevel). For SparkR, use setLogLevel(newLevel).
[Stage 0:>                                                          (0 + 1) / 1][Stage 1:>                                                          (0 + 1) / 1]Running on Apache Spark version 2.4.1
SparkUI available at http://compe044.hpc.in.bmrc.ox.ac.uk:4040
Welcome to
     __  __     <>__
    / /_/ /__  __/ /
   / __  / _ `/ / /
  /_/ /_/\_,_/_/_/   version 0.2.61-3c86d3ba497a
LOGGING: writing to logs/hail/get_csqs.log
2022-11-10 10:41:09 Hail: INFO: Coerced sorted dataset
2022-11-10 10:41:14 Hail: INFO: wrote table with 756948 rows in 1 partition to data/ht/ukb_wes_450k.qced.chr9.ht
    Total size: 9.24 MiB
    * Rows: 9.24 MiB
    * Globals: 11.00 B
    * Smallest partition: 756948 rows (9.24 MiB)
    * Largest partition:  756948 rows (9.24 MiB)
+ print_update 'Finished writing table for chr9' 45
+ local '_message=Finished writing table for chr9'
+ local _duration=45
++ elapsed_time 45
++ '[' '!' -z 45 ']'
+++ bc -l
+++ echo 'scale=2; 45/3600'
++ echo 'Elapsed time: .01 hrs '
+ echo 'Finished writing table for chr9. Elapsed time: .01 hrs '
