2022-11-10 11:02:34 Hail: INFO: Running Hail version 0.2.78-b17627756568
2022-11-10 11:02:35 SparkContext: WARN: Using an existing SparkContext; some configuration may not take effect.
2022-11-10 11:02:36 root: ERROR: HailException: incompatible file format when reading: /well/lindgren-ukbb/projects/ukbb-11867/flassen/projects/KO/for_nik/data/vep/hail/slurm_test/ukb_wes_450k.qced.chr21.vep.ht/
  supported version: 1.5.0, found 1.6.0
  The cause of this error is usually an attempt to use an older version of Hail to read files generated by a newer version. This is not supported (Hail native files are back-compatible, but not forward-compatible).
  To read this file, use a newer version of Hail.
From is.hail.utils.HailException: incompatible file format when reading: /well/lindgren-ukbb/projects/ukbb-11867/flassen/projects/KO/for_nik/data/vep/hail/slurm_test/ukb_wes_450k.qced.chr21.vep.ht/
  supported version: 1.5.0, found 1.6.0
  The cause of this error is usually an attempt to use an older version of Hail to read files generated by a newer version. This is not supported (Hail native files are back-compatible, but not forward-compatible).
  To read this file, use a newer version of Hail.
	at is.hail.utils.ErrorHandling.fatal(ErrorHandling.scala:11)
	at is.hail.utils.ErrorHandling.fatal$(ErrorHandling.scala:11)
	at is.hail.utils.package$.fatal(package.scala:78)
	at is.hail.expr.ir.RelationalSpec$.readMetadata(AbstractMatrixTableSpec.scala:53)
	at is.hail.expr.ir.RelationalSpec$.readReferences(AbstractMatrixTableSpec.scala:73)
	at is.hail.variant.ReferenceGenome$.fromHailDataset(ReferenceGenome.scala:581)
	at is.hail.variant.ReferenceGenome.fromHailDataset(ReferenceGenome.scala)
	at sun.reflect.NativeMethodAccessorImpl.invoke0(Native Method)
	at sun.reflect.NativeMethodAccessorImpl.invoke(NativeMethodAccessorImpl.java:62)
	at sun.reflect.DelegatingMethodAccessorImpl.invoke(DelegatingMethodAccessorImpl.java:43)
	at java.lang.reflect.Method.invoke(Method.java:498)
	at py4j.reflection.MethodInvoker.invoke(MethodInvoker.java:244)
	at py4j.reflection.ReflectionEngine.invoke(ReflectionEngine.java:357)
	at py4j.Gateway.invoke(Gateway.java:282)
	at py4j.commands.AbstractCommand.invokeMethod(AbstractCommand.java:132)
	at py4j.commands.CallCommand.execute(CallCommand.java:79)
	at py4j.GatewayConnection.run(GatewayConnection.java:238)
	at java.lang.Thread.run(Thread.java:748)



2022-11-10 11:02:57 SparkContext: INFO: Invoking stop() from shutdown hook
2022-11-10 11:02:57 AbstractConnector: INFO: Stopped Spark@360c3c93{HTTP/1.1, (http/1.1)}{0.0.0.0:4040}
2022-11-10 11:02:57 SparkUI: INFO: Stopped Spark web UI at http://compe088.hpc.in.bmrc.ox.ac.uk:4040
2022-11-10 11:02:57 MapOutputTrackerMasterEndpoint: INFO: MapOutputTrackerMasterEndpoint stopped!
2022-11-10 11:02:57 MemoryStore: INFO: MemoryStore cleared
2022-11-10 11:02:57 BlockManager: INFO: BlockManager stopped
2022-11-10 11:02:57 BlockManagerMaster: INFO: BlockManagerMaster stopped
2022-11-10 11:02:57 OutputCommitCoordinator$OutputCommitCoordinatorEndpoint: INFO: OutputCommitCoordinator stopped!
2022-11-10 11:02:57 SparkContext: INFO: Successfully stopped SparkContext
2022-11-10 11:02:57 ShutdownHookManager: INFO: Shutdown hook called
2022-11-10 11:02:57 ShutdownHookManager: INFO: Deleting directory /tmp/spark-303203df-6888-49f2-980c-276de125e432
2022-11-10 11:02:57 ShutdownHookManager: INFO: Deleting directory /tmp/spark-2da077e1-f4c1-48dd-9817-b2626cc097d0
2022-11-10 11:02:57 ShutdownHookManager: INFO: Deleting directory /tmp/spark-303203df-6888-49f2-980c-276de125e432/pyspark-5f2fa702-6796-4db7-a2c1-df98e93a433e
